Using pre-set license
Built from '2020.2/release' branch; Version is '2020.2.4f1 (becced5a802b) revision 12504301'; Using compiler version '192528614'; Build Type 'Release'
OS: 'Windows 10 Pro; OS build 19042.1052; Version 2009; 64bit' Language: 'fr' Physical Memory: 32693 MB
BatchMode: 1, IsHumanControllingUs: 0, StartBugReporterOnCrash: 0, Is64bit: 1, IsPro: 0

 COMMAND LINE ARGUMENTS:
C:\Program Files\Unity\Hub\Editor\2020.2.4f1\Editor\Unity.exe
-adb2
-batchMode
-noUpm
-name
AssetImportWorker0
-projectPath
C:/ProjetsUnity/TwoSide/FleursCarnivoresTavu
-logFile
Logs/AssetImportWorker0.log
-srvPort
58296
Successfully changed project path to: C:/ProjetsUnity/TwoSide/FleursCarnivoresTavu
C:/ProjetsUnity/TwoSide/FleursCarnivoresTavu
Using Asset Import Pipeline V2.
Refreshing native plugins compatible for Editor in 28.29 ms, found 0 plugins.
Preloading 0 native plugins for Editor in 0.00 ms.
Initialize engine version: 2020.2.4f1 (becced5a802b)
[Subsystems] Discovering subsystems at path C:/Program Files/Unity/Hub/Editor/2020.2.4f1/Editor/Data/Resources/UnitySubsystems
[Subsystems] Discovering subsystems at path C:/ProjetsUnity/TwoSide/FleursCarnivoresTavu/Assets
GfxDevice: creating device client; threaded=0
Direct3D:
    Version:  Direct3D 11.0 [level 11.1]
    Renderer: NVIDIA GeForce RTX 3080 (ID=0x2206)
    Vendor:   
    VRAM:     10077 MB
    Driver:   27.21.14.6611
Initialize mono
Mono path[0] = 'C:/Program Files/Unity/Hub/Editor/2020.2.4f1/Editor/Data/Managed'
Mono path[1] = 'C:/Program Files/Unity/Hub/Editor/2020.2.4f1/Editor/Data/MonoBleedingEdge/lib/mono/unityjit'
Mono config path = 'C:/Program Files/Unity/Hub/Editor/2020.2.4f1/Editor/Data/MonoBleedingEdge/etc'
Using monoOptions --debugger-agent=transport=dt_socket,embedding=1,server=y,suspend=n,address=127.0.0.1:56032
Begin MonoManager ReloadAssembly
Registering precompiled unity dll's ...
Register platform support module: C:/Program Files/Unity/Hub/Editor/2020.2.4f1/Editor/Data/PlaybackEngines/WindowsStandaloneSupport/UnityEditor.WindowsStandalone.Extensions.dll
Registered in 0.001416 seconds.
Native extension for WindowsStandalone target not found
Refreshing native plugins compatible for Editor in 28.72 ms, found 0 plugins.
Preloading 0 native plugins for Editor in 0.00 ms.
Invoked RoslynAnalysisRunner static constructor.
RoslynAnalysisRunner will not be running.
RoslynAnalysisRunner has terminated.
Mono: successfully reloaded assembly
- Completed reload, in  1.274 seconds
Platform modules already initialized, skipping
Registering precompiled user dll's ...
Registered in 0.001006 seconds.
Begin MonoManager ReloadAssembly
Native extension for WindowsStandalone target not found
Refreshing native plugins compatible for Editor in 30.14 ms, found 0 plugins.
Preloading 0 native plugins for Editor in 0.00 ms.
Invoked RoslynAnalysisRunner static constructor.
RoslynAnalysisRunner will not be running.
RoslynAnalysisRunner has terminated.
Mono: successfully reloaded assembly
- Completed reload, in  0.601 seconds
Platform modules already initialized, skipping
========================================================================
Worker process is ready to serve import requests
Shader 'Universal Render Pipeline/Particles/Lit': fallback shader 'Universal Render Pipeline/Particles/SimpleLit' not found
Shader 'Universal Render Pipeline/Particles/Lit': fallback shader 'Universal Render Pipeline/Particles/SimpleLit' not found
Launched and connected shader compiler UnityShaderCompiler.exe after 0.03 seconds
Refreshing native plugins compatible for Editor in 0.42 ms, found 0 plugins.
Preloading 0 native plugins for Editor in 0.00 ms.
Unloading 2356 Unused Serialized files (Serialized files now loaded: 0)
System memory in use before: 106.1 MB.
System memory in use after: 103.0 MB.

Unloading 61 unused Assets to reduce memory usage. Loaded Objects now: 2747.
Total: 3.359400 ms (FindLiveObjects: 0.364300 ms CreateObjectMapping: 0.099500 ms MarkObjects: 1.698600 ms  DeleteObjects: 1.196300 ms)

========================================================================
Received Import Request.
  path: Assets/_FleursCarnivoresTavu
  artifactKey: Guid(20216f9b539201d4080d1993eae0b549) Importer(815301076,1909f56bfc062723c751e8b465ee728b)
Start importing Assets/_FleursCarnivoresTavu using Guid(20216f9b539201d4080d1993eae0b549) Importer(815301076,1909f56bfc062723c751e8b465ee728b)  -> (artifact id: 'e281b2e3c27c4cd348558e1a4f99ed9e') in 0.008335 seconds
  Import took 0.011077 seconds .

========================================================================
Received Import Request.
  Time since last request: 0.000127 seconds.
  path: Assets/_FleursCarnivoresTavu/Scenes/Main.unity
  artifactKey: Guid(0a635de799703e9419262216652edbfa) Importer(815301076,1909f56bfc062723c751e8b465ee728b)
Start importing Assets/_FleursCarnivoresTavu/Scenes/Main.unity using Guid(0a635de799703e9419262216652edbfa) Importer(815301076,1909f56bfc062723c751e8b465ee728b)  -> (artifact id: '15c2c73762486fb38e63d2c2f9c0a6ac') in 0.011212 seconds
  Import took 0.013768 seconds .

AssetImportWorkerClient::OnTransportError - code=2 error=End of file
